c:\users\vitaliy.pyza\rdbm\console\release\vc120.pdb
c:\users\vitaliy.pyza\rdbm\console\release\source.obj
c:\users\vitaliy.pyza\rdbm\console\release\console.lib
c:\users\vitaliy.pyza\rdbm\console\release\console.exp
c:\users\vitaliy.pyza\rdbm\console\release\double.obj
c:\users\vitaliy.pyza\rdbm\console\release\integer.obj
c:\users\vitaliy.pyza\rdbm\console\release\logger.obj
c:\users\vitaliy.pyza\rdbm\console\release\record.obj
c:\users\vitaliy.pyza\rdbm\console\release\string.obj
c:\users\vitaliy.pyza\rdbm\console\release\table.obj
c:\users\vitaliy.pyza\rdbm\console\release\tinystr.obj
c:\users\vitaliy.pyza\rdbm\console\release\tinyxml.obj
c:\users\vitaliy.pyza\rdbm\console\release\tinyxmlerror.obj
c:\users\vitaliy.pyza\rdbm\console\release\tinyxmlparser.obj
c:\users\vitaliy.pyza\rdbm\console\release\xml.obj
c:\users\vitaliy.pyza\rdbm\console\release\dbdll.exp
c:\users\vitaliy.pyza\rdbm\console\release\console.pdb
c:\users\vitaliy.pyza\rdbm\console\release\dbdll.pdb
c:\users\vitaliy.pyza\rdbm\console\release\console.tlog\cl.command.1.tlog
c:\users\vitaliy.pyza\rdbm\console\release\console.tlog\cl.read.1.tlog
c:\users\vitaliy.pyza\rdbm\console\release\console.tlog\cl.write.1.tlog
c:\users\vitaliy.pyza\rdbm\console\release\console.tlog\console.write.1u.tlog
c:\users\vitaliy.pyza\rdbm\console\release\console.tlog\link.command.1.tlog
c:\users\vitaliy.pyza\rdbm\console\release\console.tlog\link.read.1.tlog
c:\users\vitaliy.pyza\rdbm\console\release\console.tlog\link.write.1.tlog
