Build started 2/6/2018 6:42:24 PM.
     1>Project "C:\Users\vitaliy.pyza\RDBM\DBdll\DBdll.vcxproj" on node 2 (Rebuild target(s)).
     1>C:\Program Files (x86)\MSBuild\12.0\bin\Microsoft.Common.CurrentVersion.targets(1430,5): warning : The referenced project '..\dlltest2\dlltest2.vcxproj' does not exist.
     1>ClCompile:
         C:\Program Files (x86)\Microsoft Visual Studio 12.0\VC\bin\CL.exe /c /Z7 /nologo /W3 /WX- /O2 /Oi /Oy- /GL /D WIN32 /D NDEBUG /D _WINDOWS /D _USRDLL /D DBDLL_EXPORTS /D _WINDLL /D _UNICODE /D UNICODE /Gm- /EHsc /MT /GS /Gy /fp:precise /Zc:wchar_t /Zc:forScope /Fo"Release\\" /Fd"Release\vc120.pdb" /Gd /TP /analyze- /errorReport:prompt ..\RDM\RDBM\Debug\tinystr.cpp ..\RDM\RDBM\Debug\tinyxml.cpp ..\RDM\RDBM\Debug\tinyxmlerror.cpp ..\RDM\RDBM\Debug\tinyxmlparser.cpp Integer.cpp Double.cpp Logger.cpp String.cpp Record.cpp Table.cpp XML.cpp
         tinystr.cpp
         tinyxml.cpp
         tinyxmlerror.cpp
         tinyxmlparser.cpp
         Integer.cpp
     1>c:\users\vitaliy.pyza\rdbm\dbdll\Logger.h(109): warning C4251: 'CPlusPlusLogging::Logger::m_File' : class 'std::basic_ofstream<char,std::char_traits<char>>' needs to have dll-interface to be used by clients of class 'CPlusPlusLogging::Logger'
         Double.cpp
     1>c:\users\vitaliy.pyza\rdbm\dbdll\Logger.h(109): warning C4251: 'CPlusPlusLogging::Logger::m_File' : class 'std::basic_ofstream<char,std::char_traits<char>>' needs to have dll-interface to be used by clients of class 'CPlusPlusLogging::Logger'
         Logger.cpp
     1>c:\users\vitaliy.pyza\rdbm\dbdll\Logger.h(109): warning C4251: 'CPlusPlusLogging::Logger::m_File' : class 'std::basic_ofstream<char,std::char_traits<char>>' needs to have dll-interface to be used by clients of class 'CPlusPlusLogging::Logger'
     1>Logger.cpp(93): warning C4996: 'ctime': This function or variable may be unsafe. Consider using ctime_s instead. To disable deprecation, use _CRT_SECURE_NO_WARNINGS. See online help for details.
                 C:\Program Files (x86)\Microsoft Visual Studio 12.0\VC\include\time.inl(86) : see declaration of 'ctime'
         String.cpp
     1>c:\users\vitaliy.pyza\rdbm\dbdll\Logger.h(109): warning C4251: 'CPlusPlusLogging::Logger::m_File' : class 'std::basic_ofstream<char,std::char_traits<char>>' needs to have dll-interface to be used by clients of class 'CPlusPlusLogging::Logger'
     1>c:\users\vitaliy.pyza\rdbm\dbdll\MyString.h(10): warning C4251: 'String::value' : class 'std::basic_string<char,std::char_traits<char>,std::allocator<char>>' needs to have dll-interface to be used by clients of class 'String'
         Record.cpp
     1>c:\users\vitaliy.pyza\rdbm\dbdll\Logger.h(109): warning C4251: 'CPlusPlusLogging::Logger::m_File' : class 'std::basic_ofstream<char,std::char_traits<char>>' needs to have dll-interface to be used by clients of class 'CPlusPlusLogging::Logger'
     1>c:\users\vitaliy.pyza\rdbm\dbdll\MyString.h(10): warning C4251: 'String::value' : class 'std::basic_string<char,std::char_traits<char>,std::allocator<char>>' needs to have dll-interface to be used by clients of class 'String'
     1>c:\users\vitaliy.pyza\rdbm\dbdll\Record.h(17): warning C4251: 'Record::record' : class 'std::vector<BaseForType *,std::allocator<_Ty>>' needs to have dll-interface to be used by clients of class 'Record'
                 with
                 [
                     _Ty=BaseForType *
                 ]
         Table.cpp
     1>c:\users\vitaliy.pyza\rdbm\dbdll\Logger.h(109): warning C4251: 'CPlusPlusLogging::Logger::m_File' : class 'std::basic_ofstream<char,std::char_traits<char>>' needs to have dll-interface to be used by clients of class 'CPlusPlusLogging::Logger'
     1>c:\users\vitaliy.pyza\rdbm\dbdll\MyString.h(10): warning C4251: 'String::value' : class 'std::basic_string<char,std::char_traits<char>,std::allocator<char>>' needs to have dll-interface to be used by clients of class 'String'
     1>c:\users\vitaliy.pyza\rdbm\dbdll\Record.h(17): warning C4251: 'Record::record' : class 'std::vector<BaseForType *,std::allocator<_Ty>>' needs to have dll-interface to be used by clients of class 'Record'
                 with
                 [
                     _Ty=BaseForType *
                 ]
     1>c:\users\vitaliy.pyza\rdbm\dbdll\Table.h(13): warning C4251: 'Table::name' : class 'std::basic_string<char,std::char_traits<char>,std::allocator<char>>' needs to have dll-interface to be used by clients of class 'Table'
     1>c:\users\vitaliy.pyza\rdbm\dbdll\Table.h(14): warning C4251: 'Table::colname' : class 'std::vector<std::string,std::allocator<_Ty>>' needs to have dll-interface to be used by clients of class 'Table'
                 with
                 [
                     _Ty=std::string
                 ]
     1>c:\users\vitaliy.pyza\rdbm\dbdll\Table.h(15): warning C4251: 'Table::coltype' : class 'std::vector<char,std::allocator<char>>' needs to have dll-interface to be used by clients of class 'Table'
     1>c:\users\vitaliy.pyza\rdbm\dbdll\Table.h(16): warning C4251: 'Table::table' : class 'std::vector<Record *,std::allocator<_Ty>>' needs to have dll-interface to be used by clients of class 'Table'
                 with
                 [
                     _Ty=Record *
                 ]
         XML.cpp
     1>c:\users\vitaliy.pyza\rdbm\dbdll\Logger.h(109): warning C4251: 'CPlusPlusLogging::Logger::m_File' : class 'std::basic_ofstream<char,std::char_traits<char>>' needs to have dll-interface to be used by clients of class 'CPlusPlusLogging::Logger'
     1>c:\users\vitaliy.pyza\rdbm\dbdll\MyString.h(10): warning C4251: 'String::value' : class 'std::basic_string<char,std::char_traits<char>,std::allocator<char>>' needs to have dll-interface to be used by clients of class 'String'
     1>c:\users\vitaliy.pyza\rdbm\dbdll\Record.h(17): warning C4251: 'Record::record' : class 'std::vector<BaseForType *,std::allocator<_Ty>>' needs to have dll-interface to be used by clients of class 'Record'
                 with
                 [
                     _Ty=BaseForType *
                 ]
     1>c:\users\vitaliy.pyza\rdbm\dbdll\Table.h(13): warning C4251: 'Table::name' : class 'std::basic_string<char,std::char_traits<char>,std::allocator<char>>' needs to have dll-interface to be used by clients of class 'Table'
     1>c:\users\vitaliy.pyza\rdbm\dbdll\Table.h(14): warning C4251: 'Table::colname' : class 'std::vector<std::string,std::allocator<_Ty>>' needs to have dll-interface to be used by clients of class 'Table'
                 with
                 [
                     _Ty=std::string
                 ]
     1>c:\users\vitaliy.pyza\rdbm\dbdll\Table.h(15): warning C4251: 'Table::coltype' : class 'std::vector<char,std::allocator<char>>' needs to have dll-interface to be used by clients of class 'Table'
     1>c:\users\vitaliy.pyza\rdbm\dbdll\Table.h(16): warning C4251: 'Table::table' : class 'std::vector<Record *,std::allocator<_Ty>>' needs to have dll-interface to be used by clients of class 'Table'
                 with
                 [
                     _Ty=Record *
                 ]
     1>XML.cpp(496): warning C4018: '<' : signed/unsigned mismatch
     1>XML.cpp(499): warning C4018: '<' : signed/unsigned mismatch
     1>XML.cpp(545): warning C4018: '<' : signed/unsigned mismatch
     1>XML.cpp(548): warning C4018: '<' : signed/unsigned mismatch
       Link:
         C:\Program Files (x86)\Microsoft Visual Studio 12.0\VC\bin\link.exe /ERRORREPORT:PROMPT /OUT:"C:\Users\vitaliy.pyza\RDBM\DBdll\Release\DBdll.dll" /NOLOGO kernel32.lib user32.lib gdi32.lib winspool.lib comdlg32.lib advapi32.lib shell32.lib ole32.lib oleaut32.lib uuid.lib odbc32.lib odbccp32.lib /MANIFEST /MANIFESTUAC:"level='asInvoker' uiAccess='false'" /manifest:embed /DEBUG /PDB:"C:\Users\vitaliy.pyza\RDBM\DBdll\Release\DBdll.pdb" /SUBSYSTEM:WINDOWS /LTCG /TLBID:1 /DYNAMICBASE /NXCOMPAT /IMPLIB:"C:\Users\vitaliy.pyza\RDBM\DBdll\Release\DBdll.lib" /MACHINE:X86 /SAFESEH /DLL Release\tinystr.obj
         Release\tinyxml.obj
         Release\tinyxmlerror.obj
         Release\tinyxmlparser.obj
         Release\Integer.obj
         Release\Double.obj
         Release\Logger.obj
         Release\String.obj
         Release\Record.obj
         Release\Table.obj
         Release\XML.obj
            Creating library C:\Users\vitaliy.pyza\RDBM\DBdll\Release\DBdll.lib and object C:\Users\vitaliy.pyza\RDBM\DBdll\Release\DBdll.exp
         Generating code
         Finished generating code
         DBdll.vcxproj -> C:\Users\vitaliy.pyza\RDBM\DBdll\Release\DBdll.dll
     1>Done Building Project "C:\Users\vitaliy.pyza\RDBM\DBdll\DBdll.vcxproj" (Rebuild target(s)).

Build succeeded.

Time Elapsed 00:00:06.75
