c:\users\vitaliy.pyza\rdbm\dbdll\release\xml.obj
c:\users\vitaliy.pyza\rdbm\dbdll\release\table.obj
c:\users\vitaliy.pyza\rdbm\dbdll\release\record.obj
c:\users\vitaliy.pyza\rdbm\dbdll\release\string.obj
c:\users\vitaliy.pyza\rdbm\dbdll\release\logger.obj
c:\users\vitaliy.pyza\rdbm\dbdll\release\double.obj
c:\users\vitaliy.pyza\rdbm\dbdll\release\integer.obj
c:\users\vitaliy.pyza\rdbm\dbdll\release\tinyxmlparser.obj
c:\users\vitaliy.pyza\rdbm\dbdll\release\tinyxmlerror.obj
c:\users\vitaliy.pyza\rdbm\dbdll\release\tinyxml.obj
c:\users\vitaliy.pyza\rdbm\dbdll\release\tinystr.obj
c:\users\vitaliy.pyza\rdbm\dbdll\release\dbdll.lib
c:\users\vitaliy.pyza\rdbm\dbdll\release\dbdll.exp
c:\users\vitaliy.pyza\rdbm\dbdll\release\dbdll.dll
c:\users\vitaliy.pyza\rdbm\dbdll\release\dbdll.pdb
c:\users\vitaliy.pyza\rdbm\dbdll\release\dbdll_test.exp
c:\users\vitaliy.pyza\rdbm\dbdll\release\dbdll_test.pdb
c:\users\vitaliy.pyza\rdbm\dbdll\release\dbdll.tlog\cl.command.1.tlog
c:\users\vitaliy.pyza\rdbm\dbdll\release\dbdll.tlog\cl.read.1.tlog
c:\users\vitaliy.pyza\rdbm\dbdll\release\dbdll.tlog\cl.write.1.tlog
c:\users\vitaliy.pyza\rdbm\dbdll\release\dbdll.tlog\dbdll.write.1u.tlog
c:\users\vitaliy.pyza\rdbm\dbdll\release\dbdll.tlog\link.command.1.tlog
c:\users\vitaliy.pyza\rdbm\dbdll\release\dbdll.tlog\link.read.1.tlog
c:\users\vitaliy.pyza\rdbm\dbdll\release\dbdll.tlog\link.write.1.tlog
